SF:lib\shared\api\coin_prices_endpoint.dart
DA:5,2
DA:8,1
DA:10,4
DA:17,1
DA:18,2
LF:5
LH:5
end_of_record
SF:lib\shared\repository\coin_repository.dart
DA:7,1
DA:9,1
DA:10,2
DA:11,3
LF:4
LH:4
end_of_record
SF:lib\shared\api\models\coin\coin_result_image_response.dart
DA:7,7
DA:12,1
DA:13,1
DA:15,0
LF:4
LH:3
end_of_record
SF:lib\shared\api\models\coin\coin_result_image_response.g.dart
DA:9,1
DA:11,1
DA:12,1
DA:13,1
DA:14,1
DA:17,0
DA:19,0
DA:20,0
DA:21,0
DA:22,0
LF:10
LH:5
end_of_record
SF:lib\shared\api\models\coin\coin_result_market_data_current_price.dart
DA:6,7
DA:9,1
DA:11,1
DA:13,0
DA:14,0
LF:5
LH:3
end_of_record
SF:lib\shared\api\models\coin\coin_result_market_data_current_price.g.dart
DA:9,1
DA:11,1
DA:12,2
DA:15,0
DA:17,0
DA:18,0
LF:6
LH:3
end_of_record
SF:lib\shared\api\models\coin\coin_result_market_data_response.dart
DA:9,7
DA:14,1
DA:15,1
DA:17,0
LF:4
LH:3
end_of_record
SF:lib\shared\api\models\coin\coin_result_market_data_response.g.dart
DA:9,1
DA:11,1
DA:12,1
DA:13,1
DA:14,2
DA:17,0
DA:19,0
DA:20,0
DA:21,0
LF:9
LH:5
end_of_record
SF:lib\shared\api\models\coin\coin_result_response.dart
DA:12,1
DA:20,1
DA:21,1
DA:23,0
LF:4
LH:3
end_of_record
SF:lib\shared\api\models\coin\coin_result_response.g.dart
DA:9,1
DA:10,1
DA:11,1
DA:12,1
DA:13,1
DA:14,2
DA:15,1
DA:16,1
DA:19,0
DA:20,0
DA:21,0
DA:22,0
DA:23,0
DA:24,0
DA:25,0
LF:15
LH:8
end_of_record
SF:lib\shared\api\models\coin\get_all_coins_response.dart
DA:8,1
DA:12,1
DA:13,1
DA:15,0
LF:4
LH:3
end_of_record
SF:lib\shared\api\models\coin\get_all_coins_response.g.dart
DA:9,1
DA:10,1
DA:11,1
DA:12,3
DA:13,1
DA:16,0
DA:18,0
DA:19,0
LF:8
LH:5
end_of_record
SF:lib\shared\repository\coin_prices_repository.dart
DA:6,1
DA:10,1
DA:13,2
DA:14,2
LF:4
LH:4
end_of_record
SF:lib\shared\api\models\coin_prices\coin_price_response.dart
DA:5,1
DA:9,1
DA:10,1
DA:12,0
LF:4
LH:3
end_of_record
SF:lib\shared\api\models\coin_prices\coin_price_response.g.dart
DA:9,1
DA:10,1
DA:14,0
DA:15,0
DA:16,0
LF:5
LH:2
end_of_record
SF:lib\shared\api\models\coin_prices\get_coin_price_response.dart
DA:8,1
DA:12,1
DA:13,1
DA:15,0
LF:4
LH:3
end_of_record
SF:lib\shared\api\models\coin_prices\get_coin_price_response.g.dart
DA:9,1
DA:11,1
DA:12,1
DA:13,3
DA:14,1
DA:17,0
DA:19,0
DA:20,0
LF:8
LH:5
end_of_record
SF:lib\convert\controller\convert_controller.dart
DA:19,0
DA:20,0
DA:21,0
DA:22,0
DA:23,0
DA:25,0
DA:26,0
DA:27,0
DA:30,0
DA:31,0
DA:32,0
DA:35,0
DA:36,0
DA:39,0
DA:40,0
DA:41,0
DA:42,0
DA:43,0
DA:45,0
DA:48,0
DA:49,0
DA:50,0
DA:53,0
DA:54,0
DA:55,0
DA:57,0
DA:60,0
DA:61,0
DA:62,0
DA:63,0
DA:64,0
DA:66,0
DA:69,0
DA:70,0
DA:71,0
DA:73,0
DA:74,0
DA:76,0
DA:77,0
DA:81,0
DA:82,0
DA:83,0
DA:84,0
DA:85,0
DA:86,0
DA:88,0
DA:91,0
DA:92,0
DA:93,0
DA:95,0
DA:97,0
DA:100,0
DA:101,0
DA:104,0
DA:105,0
DA:106,0
DA:107,0
DA:110,0
DA:111,0
DA:114,0
DA:115,0
DA:116,0
DA:118,0
DA:121,0
DA:122,0
DA:123,0
DA:125,0
DA:128,0
DA:129,0
DA:130,0
DA:132,0
DA:135,0
DA:136,0
DA:137,0
DA:139,0
DA:142,0
DA:143,0
DA:146,0
DA:147,0
DA:148,0
DA:150,0
DA:151,0
DA:154,0
LF:83
LH:0
end_of_record
SF:lib\details\controller\detail_controller.dart
DA:13,1
DA:15,0
DA:16,0
DA:17,0
DA:20,0
DA:21,0
DA:24,0
DA:25,0
DA:28,0
DA:29,0
DA:32,2
DA:33,4
DA:34,4
DA:37,0
DA:38,0
DA:41,0
DA:42,0
DA:43,0
DA:45,0
DA:46,0
DA:50,0
DA:51,0
DA:52,0
DA:53,0
DA:55,0
DA:56,0
DA:57,0
DA:58,0
DA:59,0
LF:29
LH:4
end_of_record
SF:lib\portifolio\controller\allcoins_controller.dart
DA:9,0
DA:10,0
DA:12,0
LF:3
LH:0
end_of_record
SF:lib\portifolio\controller\wallet_controller.dart
DA:7,2
DA:10,1
DA:11,1
DA:12,1
DA:13,0
LF:5
LH:4
end_of_record
SF:lib\portifolio\model\coin_view_data.dart
DA:11,6
LF:1
LH:1
end_of_record
SF:lib\portifolio\model\wallet_view_data.dart
DA:10,6
DA:14,12
DA:17,6
DA:18,24
DA:19,30
LF:5
LH:5
end_of_record
SF:lib\transactions\model\transactions_model.dart
DA:13,1
LF:1
LH:1
end_of_record
SF:lib\convert\provider\convert_provider.dart
DA:6,12
DA:7,6
DA:9,12
DA:10,6
LF:4
LH:4
end_of_record
SF:lib\core\routes.dart
DA:9,18
DA:10,0
DA:11,0
DA:12,0
DA:13,0
DA:14,0
DA:15,0
DA:16,0
LF:8
LH:1
end_of_record
SF:lib\portifolio\provider\provider.dart
DA:8,6
DA:9,2
DA:11,0
DA:12,0
DA:15,0
DA:16,0
DA:19,12
DA:20,6
LF:8
LH:4
end_of_record
SF:lib\shared\repository\coin_prices_repository_provider.dart
DA:6,0
DA:7,0
LF:2
LH:0
end_of_record
SF:lib\transactions\controller\transactions_controler.dart
DA:11,0
DA:15,0
DA:16,0
DA:18,0
DA:19,0
DA:20,0
DA:21,0
DA:22,0
DA:23,0
DA:24,0
DA:25,0
DA:26,0
LF:12
LH:0
end_of_record
SF:lib\transactions\provider\transactions_provider.dart
DA:6,18
DA:7,0
DA:8,0
LF:3
LH:1
end_of_record
SF:lib\transactions\repository\transactions_repository.dart
DA:6,0
DA:8,0
DA:9,0
LF:3
LH:0
end_of_record
SF:lib\convert\view\conversion_page.dart
DA:7,12
DA:10,0
DA:12,0
DA:13,0
DA:16,0
LF:5
LH:1
end_of_record
SF:lib\convert\widgets\current_coin.dart
DA:9,1
DA:14,1
DA:16,2
DA:18,1
DA:20,2
DA:21,1
DA:23,1
DA:27,1
DA:29,2
DA:30,1
DA:32,1
DA:33,1
DA:34,4
DA:35,4
DA:36,1
DA:38,1
DA:40,4
DA:44,1
DA:45,2
LF:19
LH:19
end_of_record
SF:lib\details\view\details.dart
DA:10,6
DA:12,0
DA:14,0
DA:16,0
DA:17,0
DA:20,0
DA:22,0
DA:23,0
LF:8
LH:1
end_of_record
SF:lib\details\widgets\detail_description.dart
DA:17,0
DA:23,0
DA:25,0
DA:26,0
DA:28,0
DA:29,0
DA:31,0
DA:32,0
DA:34,0
DA:37,0
DA:39,0
DA:41,0
DA:43,0
DA:45,0
DA:46,0
DA:47,0
DA:48,0
DA:49,0
DA:54,0
DA:55,0
DA:56,0
DA:66,0
DA:68,0
DA:70,0
DA:72,0
DA:73,0
DA:74,0
DA:75,0
DA:78,0
DA:79,0
DA:88,0
DA:92,0
DA:94,0
DA:96,0
DA:97,0
DA:98,0
DA:99,0
DA:102,0
DA:104,0
DA:105,0
DA:106,0
DA:107,0
DA:109,0
DA:111,0
DA:114,0
DA:123,1
DA:127,1
DA:131,1
DA:133,2
DA:134,1
DA:143,3
DA:144,2
DA:145,1
DA:146,3
DA:147,1
DA:150,1
DA:151,1
DA:152,1
DA:153,1
DA:156,2
DA:159,1
DA:161,1
DA:162,1
DA:165,2
DA:176,1
DA:180,1
DA:184,1
DA:186,2
DA:187,1
DA:196,3
DA:197,2
DA:198,1
DA:199,3
DA:200,1
DA:203,1
DA:204,1
DA:205,1
DA:206,1
DA:209,2
DA:212,1
DA:214,1
DA:215,1
DA:217,2
DA:218,2
LF:84
LH:39
end_of_record
SF:lib\details\widgets\detail_header.dart
DA:10,1
DA:13,1
DA:17,1
DA:19,2
DA:20,1
DA:21,3
DA:22,1
DA:25,1
DA:26,1
DA:27,4
DA:28,3
DA:30,4
DA:31,1
DA:33,7
DA:41,1
DA:45,1
DA:50,1
DA:52,2
DA:53,1
DA:55,1
DA:56,2
DA:57,1
DA:60,2
DA:62,1
DA:63,2
DA:64,2
DA:65,1
DA:67,1
DA:68,2
DA:78,1
DA:81,1
DA:85,1
DA:87,2
DA:88,2
DA:89,1
DA:92,2
DA:98,1
DA:101,1
DA:105,1
DA:107,2
DA:109,1
DA:111,1
DA:113,1
DA:114,3
DA:115,1
DA:118,2
LF:46
LH:46
end_of_record
SF:lib\l10n\app.dart
DA:63,0
DA:64,0
DA:68,0
DA:69,0
DA:287,6
DA:289,0
DA:291,0
DA:294,0
DA:296,0
DA:298,0
DA:302,0
DA:304,0
DA:305,0
DA:306,0
DA:307,0
DA:308,0
DA:311,0
LF:17
LH:1
end_of_record
SF:lib\portifolio\widgets\coin_balance_detail.dart
DA:8,1
DA:11,1
DA:15,1
DA:17,1
DA:19,1
DA:21,1
DA:22,1
DA:24,1
DA:25,4
DA:30,2
DA:33,1
DA:35,1
DA:36,1
DA:37,3
DA:43,2
LF:15
LH:15
end_of_record
SF:lib\portifolio\widgets\coin_image.dart
DA:4,1
DA:7,1
DA:11,1
DA:13,2
DA:14,1
DA:16,1
DA:17,1
DA:18,2
DA:20,4
LF:9
LH:9
end_of_record
SF:lib\portifolio\widgets\coin_list.dart
DA:8,7
DA:10,1
DA:12,2
DA:14,1
DA:20,0
DA:21,0
DA:23,1
DA:24,2
DA:25,0
DA:26,0
DA:27,0
LF:11
LH:6
end_of_record
SF:lib\portifolio\widgets\coin_title.dart
DA:8,7
DA:10,2
DA:12,4
DA:13,6
DA:15,2
DA:17,2
DA:19,2
DA:20,2
DA:22,2
DA:25,4
DA:28,2
DA:29,2
DA:30,4
DA:32,2
DA:33,4
DA:34,4
LF:16
LH:16
end_of_record
SF:lib\completion\view\completion_page.dart
DA:9,13
DA:11,0
DA:14,1
DA:16,3
DA:17,1
DA:18,1
DA:19,1
DA:20,1
DA:21,1
DA:22,1
LF:10
LH:9
end_of_record
SF:lib\shared\provider\providers_shared.dart
DA:3,6
DA:4,2
LF:2
LH:2
end_of_record
SF:lib\transactions\view\transactions_page.dart
DA:8,6
DA:12,0
LF:2
LH:1
end_of_record
SF:lib\completion\widgets\body_completion.dart
DA:7,8
DA:9,0
DA:11,2
DA:13,2
DA:14,2
LF:5
LH:4
end_of_record
SF:lib\completion\widgets\animated_transition.dart
DA:10,7
DA:12,1
DA:13,1
DA:21,1
DA:23,1
DA:25,2
DA:28,1
DA:29,1
DA:30,1
DA:31,0
DA:32,0
DA:33,0
DA:38,0
DA:40,0
DA:41,0
DA:48,1
DA:49,3
DA:52,1
DA:54,2
DA:55,1
DA:58,1
DA:60,2
DA:61,1
DA:62,1
DA:63,1
DA:64,2
DA:66,1
DA:68,1
DA:69,1
DA:71,2
DA:72,2
DA:73,1
DA:74,1
DA:75,2
DA:76,3
DA:77,1
DA:104,0
DA:105,0
DA:106,0
DA:112,0
DA:118,0
LF:41
LH:30
end_of_record
SF:lib\convert\widgets\body_convert.dart
DA:14,6
DA:21,0
DA:22,0
DA:30,0
DA:32,0
DA:33,0
DA:34,0
DA:35,0
DA:37,0
DA:38,0
DA:40,0
DA:42,0
DA:43,0
DA:44,0
DA:45,0
DA:46,0
DA:47,0
DA:49,0
DA:51,0
DA:53,0
DA:54,0
DA:57,0
DA:58,0
DA:63,0
DA:64,0
DA:66,0
DA:67,0
LF:27
LH:1
end_of_record
SF:lib\convert\widgets\conversion_title.dart
DA:7,6
DA:9,0
DA:11,0
DA:12,0
LF:4
LH:1
end_of_record
SF:lib\convert\widgets\convert_row.dart
DA:8,0
DA:11,0
DA:15,0
DA:17,0
DA:19,0
DA:20,0
DA:21,0
DA:23,0
DA:24,0
LF:9
LH:0
end_of_record
SF:lib\convert\widgets\form_field_coin.dart
DA:10,0
DA:16,0
DA:23,0
DA:25,0
DA:26,0
DA:28,0
DA:29,0
DA:30,0
DA:36,0
DA:37,0
DA:39,0
DA:40,0
DA:53,0
DA:54,0
DA:55,0
DA:56,0
DA:57,0
DA:58,0
DA:63,0
DA:64,0
DA:68,0
DA:69,0
DA:70,0
DA:71,0
DA:74,0
LF:25
LH:0
end_of_record
SF:lib\convert\widgets\total_convert.dart
DA:12,0
DA:16,0
DA:19,0
DA:20,0
DA:22,0
DA:23,0
DA:24,0
DA:25,0
DA:27,0
DA:36,0
DA:38,0
DA:39,0
DA:42,0
DA:43,0
DA:45,0
DA:46,0
DA:53,0
DA:54,0
DA:62,0
DA:64,0
DA:67,0
DA:68,0
DA:69,0
LF:23
LH:0
end_of_record
SF:lib\convert\widgets\user_coin_balance.dart
DA:10,0
DA:17,0
DA:19,0
DA:20,0
DA:22,0
DA:23,0
DA:24,0
DA:27,0
DA:28,0
DA:29,0
DA:31,0
DA:32,0
DA:33,0
DA:40,0
DA:45,0
DA:46,0
DA:47,0
LF:17
LH:0
end_of_record
SF:lib\convert\widgets\bottom_coin_list.dart
DA:8,6
DA:10,0
DA:11,0
DA:18,0
DA:20,0
DA:23,0
DA:25,0
DA:26,0
DA:27,0
DA:29,0
DA:43,0
DA:44,0
DA:46,0
DA:47,0
DA:48,0
DA:49,0
DA:50,0
DA:51,0
DA:54,0
DA:55,0
DA:58,0
DA:59,0
DA:61,0
DA:72,0
DA:73,0
DA:74,0
DA:75,0
DA:76,0
DA:77,0
DA:78,0
DA:79,0
DA:80,0
DA:81,0
DA:82,0
DA:84,0
DA:93,0
DA:94,0
DA:95,0
DA:104,0
DA:105,0
DA:106,0
DA:107,0
DA:110,0
DA:111,0
DA:114,0
DA:115,0
DA:116,0
DA:128,0
DA:129,0
LF:49
LH:1
end_of_record
SF:lib\convert\widgets\convert_coin_container.dart
DA:9,6
DA:11,0
DA:13,0
DA:14,0
DA:16,0
DA:17,0
DA:18,0
DA:21,0
DA:22,0
DA:27,0
DA:29,0
DA:30,0
DA:32,0
DA:36,0
DA:38,0
DA:39,0
DA:41,0
DA:42,0
DA:43,0
DA:44,0
DA:45,0
DA:47,0
DA:49,0
DA:50,0
DA:55,0
DA:56,0
LF:26
LH:1
end_of_record
SF:lib\shared\utils\util.dart
DA:7,2
DA:8,3
DA:11,2
DA:12,2
DA:13,2
DA:14,4
DA:16,2
DA:17,2
DA:20,2
DA:23,2
DA:26,1
DA:27,5
DA:30,1
DA:31,5
DA:34,1
DA:35,3
DA:37,2
DA:38,10
DA:41,0
DA:43,0
DA:44,0
DA:46,0
DA:49,0
DA:50,0
LF:24
LH:18
end_of_record
SF:lib\review\view\review_page.dart
DA:7,6
DA:11,0
DA:13,0
DA:14,0
LF:4
LH:1
end_of_record
SF:lib\portifolio\view\portifolio_page.dart
DA:7,6
DA:11,0
LF:2
LH:1
end_of_record
SF:lib\details\mapper\coin_price_mapper.dart
DA:5,0
DA:6,0
LF:2
LH:0
end_of_record
SF:lib\details\provider\provider.dart
DA:8,0
DA:9,0
DA:12,6
DA:13,4
DA:16,0
DA:17,0
DA:20,0
DA:21,0
DA:22,0
DA:25,0
DA:26,0
DA:27,0
LF:12
LH:2
end_of_record
SF:lib\details\usecase\get_coin_prices_use_case.dart
DA:9,0
DA:12,0
DA:14,0
DA:15,0
DA:16,0
DA:17,0
DA:18,0
DA:19,0
LF:8
LH:0
end_of_record
SF:lib\details\widgets\details_body.dart
DA:18,0
DA:21,0
DA:23,0
DA:24,0
DA:28,0
DA:30,0
DA:31,0
DA:32,0
DA:33,0
DA:35,0
DA:36,0
DA:37,0
DA:38,0
DA:39,0
DA:40,0
DA:43,0
DA:44,0
DA:45,0
DA:48,0
DA:51,0
DA:55,0
DA:56,0
DA:57,0
LF:23
LH:0
end_of_record
SF:lib\details\widgets\button_convert_coin.dart
DA:15,0
DA:19,0
DA:21,0
DA:23,0
DA:24,0
DA:26,0
DA:28,0
DA:30,0
DA:31,0
DA:33,0
DA:34,0
DA:35,0
DA:36,0
DA:38,0
DA:39,0
LF:15
LH:0
end_of_record
SF:lib\details\widgets\detail_chart.dart
DA:10,0
DA:13,0
DA:15,0
DA:17,0
DA:18,0
DA:19,0
DA:20,0
DA:21,0
DA:23,0
LF:9
LH:0
end_of_record
SF:lib\details\widgets\graphic.dart
DA:8,6
DA:10,0
DA:12,0
DA:14,0
DA:15,0
DA:16,0
DA:17,0
DA:18,0
DA:19,0
DA:20,0
DA:21,0
DA:22,0
DA:23,0
DA:24,0
DA:25,0
DA:26,0
DA:27,0
DA:28,0
DA:31,0
DA:32,0
DA:33,0
DA:35,0
LF:22
LH:1
end_of_record
SF:lib\details\widgets\period_button.dart
DA:8,7
DA:11,0
DA:15,1
DA:17,2
DA:18,2
DA:19,1
DA:21,1
DA:22,2
DA:23,2
DA:24,1
DA:26,3
DA:27,3
DA:30,1
DA:31,1
DA:33,0
DA:34,0
DA:37,1
DA:38,2
DA:39,1
DA:40,2
LF:20
LH:17
end_of_record
SF:lib\details\widgets\loading_details.dart
DA:5,6
DA:9,0
DA:11,0
DA:12,0
DA:14,0
DA:15,0
DA:16,0
DA:17,0
DA:18,0
DA:21,0
DA:22,0
DA:25,0
DA:28,0
DA:29,0
DA:30,0
DA:32,0
DA:33,0
DA:34,0
DA:36,0
DA:37,0
DA:38,0
DA:39,0
DA:40,0
DA:42,0
DA:43,0
DA:44,0
DA:47,0
DA:48,0
DA:50,0
DA:51,0
DA:52,0
DA:54,0
DA:56,0
DA:57,0
DA:59,0
DA:60,0
DA:61,0
DA:68,0
DA:69,0
DA:70,0
DA:71,0
DA:81,0
DA:82,0
DA:83,0
DA:84,0
DA:85,0
DA:86,0
DA:87,0
DA:89,0
DA:90,0
DA:92,0
DA:94,0
DA:95,0
DA:96,0
DA:97,0
LF:55
LH:1
end_of_record
SF:lib\l10n\app_en.dart
DA:5,0
DA:7,0
DA:10,0
DA:13,0
DA:16,0
DA:19,0
DA:21,0
DA:24,0
DA:26,0
DA:29,0
DA:32,0
DA:35,0
DA:38,0
DA:41,0
DA:44,0
DA:47,0
DA:50,0
DA:53,0
DA:56,0
DA:59,0
DA:62,0
DA:65,0
DA:68,0
DA:71,0
DA:74,0
DA:77,0
DA:80,0
DA:83,0
DA:86,0
DA:89,0
DA:92,0
DA:95,0
DA:98,0
DA:101,0
LF:34
LH:0
end_of_record
SF:lib\l10n\app_pt.dart
DA:5,0
DA:7,0
DA:10,0
DA:13,0
DA:16,0
DA:19,0
DA:21,0
DA:24,0
DA:26,0
DA:29,0
DA:32,0
DA:35,0
DA:38,0
DA:41,0
DA:44,0
DA:47,0
DA:50,0
DA:53,0
DA:56,0
DA:59,0
DA:62,0
DA:65,0
DA:68,0
DA:71,0
DA:74,0
DA:77,0
DA:80,0
DA:83,0
DA:86,0
DA:89,0
DA:92,0
DA:95,0
DA:98,0
DA:101,0
LF:34
LH:0
end_of_record
SF:lib\portifolio\mapper\coin_mapper.dart
DA:5,0
DA:6,0
DA:7,0
DA:8,0
DA:9,0
DA:10,0
DA:11,0
DA:12,0
DA:13,0
DA:16,0
LF:10
LH:0
end_of_record
SF:lib\shared\repository\coin_repository_provider.dart
DA:5,0
DA:6,0
LF:2
LH:0
end_of_record
SF:lib\portifolio\usecase\get_all_coin_use_case.dart
DA:7,0
DA:10,0
DA:11,0
DA:13,0
LF:4
LH:0
end_of_record
SF:lib\portifolio\repository\wallet_repository.dart
DA:7,0
DA:10,0
DA:11,0
DA:12,0
DA:13,0
DA:14,0
DA:15,0
DA:16,0
DA:17,0
DA:18,0
DA:19,0
DA:20,0
DA:21,0
LF:13
LH:0
end_of_record
SF:lib\shared\widgets\botton_navigation_bar.dart
DA:10,13
DA:12,1
DA:14,2
DA:15,3
DA:16,1
DA:17,2
DA:18,1
DA:20,1
DA:21,1
DA:23,2
DA:27,1
DA:29,1
DA:30,1
DA:32,0
DA:33,0
DA:34,0
DA:37,0
DA:39,1
DA:41,1
DA:42,1
DA:43,2
DA:44,3
DA:49,1
DA:51,1
DA:52,2
DA:53,0
DA:54,2
DA:55,2
DA:63,1
DA:65,0
DA:66,0
DA:67,0
DA:70,0
DA:72,1
DA:74,1
DA:75,1
DA:76,2
DA:77,3
DA:82,1
DA:84,1
DA:85,2
DA:86,2
DA:87,0
DA:88,2
LF:44
LH:34
end_of_record
SF:lib\portifolio\widgets\portfolio_body.dart
DA:13,6
DA:15,0
DA:17,0
DA:18,0
DA:19,0
DA:20,0
DA:21,0
DA:22,0
DA:23,0
DA:24,0
DA:26,0
DA:29,0
DA:33,0
LF:13
LH:1
end_of_record
SF:lib\portifolio\widgets\coin_balance.dart
DA:12,1
DA:15,1
DA:19,1
DA:21,2
DA:22,3
DA:24,1
DA:26,1
DA:27,1
DA:28,2
DA:29,2
DA:30,2
DA:31,1
DA:32,1
DA:33,1
DA:35,1
DA:36,4
LF:16
LH:16
end_of_record
SF:lib\portifolio\widgets\coin_percentage.dart
DA:12,1
DA:15,1
DA:17,1
DA:19,2
DA:20,3
DA:22,1
DA:24,1
DA:25,1
DA:26,2
DA:28,2
DA:29,2
DA:30,1
DA:31,1
DA:32,1
DA:34,7
LF:15
LH:15
end_of_record
SF:lib\portifolio\widgets\coin_item.dart
DA:14,1
DA:19,1
DA:21,2
DA:22,2
DA:24,2
DA:25,1
DA:26,0
DA:27,0
DA:28,0
DA:30,0
DA:32,1
DA:33,2
DA:43,1
DA:44,1
DA:45,2
DA:46,2
DA:48,1
DA:50,1
DA:51,5
DA:52,2
DA:53,1
DA:54,1
DA:55,2
DA:56,2
LF:24
LH:20
end_of_record
SF:lib\portifolio\widgets\loading_wallet.dart
DA:9,6
DA:11,0
DA:13,0
DA:15,0
DA:16,0
DA:17,0
DA:18,0
DA:19,0
DA:20,0
DA:21,0
DA:22,0
DA:23,0
DA:24,0
DA:25,0
DA:27,0
DA:30,0
DA:31,0
DA:33,0
DA:34,0
DA:35,0
DA:36,0
DA:37,0
DA:40,0
DA:41,0
DA:42,0
DA:44,0
DA:45,0
DA:48,0
DA:49,0
DA:52,0
DA:57,0
DA:58,0
DA:59,0
DA:60,0
DA:63,0
DA:64,0
DA:65,0
DA:67,0
DA:68,0
DA:71,0
DA:72,0
DA:75,0
DA:83,0
DA:84,0
DA:85,0
DA:86,0
DA:89,0
DA:90,0
DA:91,0
DA:93,0
DA:94,0
DA:97,0
DA:98,0
DA:101,0
DA:106,0
DA:108,0
DA:109,0
DA:110,0
DA:113,0
DA:114,0
DA:121,0
DA:122,0
DA:123,0
DA:124,0
DA:134,0
DA:135,0
DA:136,0
DA:137,0
DA:139,0
DA:140,0
DA:141,0
DA:142,0
DA:144,0
DA:145,0
DA:146,0
DA:148,0
DA:150,0
DA:152,0
DA:153,0
DA:154,0
DA:155,0
DA:156,0
DA:165,0
DA:166,0
DA:167,0
DA:168,0
DA:177,0
DA:178,0
DA:179,0
DA:180,0
LF:90
LH:1
end_of_record
SF:lib\portifolio\widgets\success_loading_body.dart
DA:7,7
DA:9,1
DA:11,1
LF:3
LH:3
end_of_record
SF:lib\portifolio\widgets\wallet_header.dart
DA:7,6
DA:9,1
DA:11,2
DA:13,1
DA:14,1
DA:15,2
DA:16,2
DA:17,2
DA:18,2
DA:20,1
LF:10
LH:10
end_of_record
SF:lib\portifolio\widgets\wallet_balance.dart
DA:11,6
DA:13,1
DA:15,2
DA:16,3
DA:17,2
DA:19,1
DA:20,1
DA:21,1
DA:22,2
DA:23,2
DA:24,2
DA:25,1
DA:26,1
DA:27,1
DA:28,1
DA:29,3
DA:30,1
DA:33,2
LF:18
LH:18
end_of_record
SF:lib\review\widgets\body_review.dart
DA:13,6
DA:15,0
DA:16,0
DA:20,0
DA:22,0
DA:24,0
DA:25,0
DA:26,0
DA:28,0
DA:29,0
DA:30,0
DA:31,0
DA:35,0
DA:37,0
DA:39,0
DA:40,0
DA:41,0
DA:42,0
DA:44,0
DA:46,0
DA:48,0
DA:50,0
DA:52,0
DA:54,0
DA:55,0
DA:56,0
DA:60,0
LF:27
LH:1
end_of_record
SF:lib\review\widgets\line_details_conversion.dart
DA:8,0
DA:12,0
DA:14,0
DA:16,0
DA:17,0
DA:18,0
DA:20,0
DA:22,0
DA:31,0
DA:33,0
DA:34,0
DA:35,0
DA:42,0
DA:43,0
DA:44,0
DA:47,0
LF:16
LH:0
end_of_record
SF:lib\review\widgets\title_conversion.dart
DA:7,6
DA:9,0
DA:11,0
DA:13,0
DA:15,0
DA:17,0
LF:6
LH:1
end_of_record
SF:lib\shared\api\coin_list_endpoint_provider.dart
DA:6,0
DA:7,0
DA:8,0
LF:3
LH:0
end_of_record
SF:lib\transactions\wigdet\body_movement.dart
DA:12,6
DA:14,0
DA:16,0
DA:17,0
DA:18,0
DA:20,0
DA:22,0
DA:23,0
DA:25,0
DA:26,0
DA:27,0
DA:28,0
DA:30,0
DA:31,0
DA:32,0
DA:34,0
DA:38,0
DA:39,0
DA:40,0
DA:41,0
DA:43,0
DA:46,0
DA:47,0
DA:59,0
LF:24
LH:1
end_of_record
SF:lib\transactions\wigdet\listview_transactions.dart
DA:7,1
DA:14,1
DA:16,1
DA:17,2
DA:18,1
DA:19,1
DA:20,1
LF:7
LH:7
end_of_record
SF:lib\transactions\wigdet\converted_crypto.dart
DA:6,1
DA:9,1
DA:11,1
DA:13,2
DA:14,1
DA:15,1
DA:16,1
DA:18,2
LF:8
LH:8
end_of_record
SF:lib\transactions\wigdet\converted_dollar.dart
DA:7,1
DA:10,1
DA:12,1
DA:14,2
DA:15,1
DA:17,1
DA:18,1
DA:21,2
LF:8
LH:8
end_of_record
SF:lib\transactions\wigdet\date_box.dart
DA:6,1
DA:10,1
DA:15,1
DA:17,2
DA:18,1
DA:20,1
DA:21,4
DA:22,1
DA:25,2
LF:9
LH:9
end_of_record
SF:lib\transactions\wigdet\transaction_item.dart
DA:11,1
DA:15,1
DA:20,1
DA:22,2
DA:23,1
DA:32,2
DA:33,1
DA:34,3
DA:35,1
DA:38,1
DA:39,1
DA:42,1
DA:43,3
DA:44,3
DA:45,3
DA:48,1
DA:51,1
DA:52,1
DA:53,1
DA:54,3
DA:57,3
DA:58,1
DA:59,4
LF:23
LH:23
end_of_record
SF:lib\transactions\wigdet\value_down.dart
DA:7,1
DA:11,1
DA:16,1
DA:18,2
DA:19,1
DA:21,1
DA:22,4
DA:23,1
DA:26,2
LF:9
LH:9
end_of_record
